2018-06-07 22:35:29.879  INFO 15164 --- [main] com.hello.HelloApplication               : Starting HelloApplication on MicroWin10-0019 with PID 15164 (C:\Users\admin\Documents\workspace-sts-3.9.0.RELEASE\hello\target\classes started by Administrator in C:\Users\admin\Documents\workspace-sts-3.9.0.RELEASE\hello)
2018-06-07 22:35:29.884  INFO 15164 --- [main] com.hello.HelloApplication               : No active profile set, falling back to default profiles: default
2018-06-07 22:35:29.951  INFO 15164 --- [main] ConfigServletWebServerApplicationContext : Refreshing org.springframework.boot.web.servlet.context.AnnotationConfigServletWebServerApplicationContext@2d1ef81a: startup date [Thu Jun 07 22:35:29 CST 2018]; root of context hierarchy
2018-06-07 22:35:31.366  INFO 15164 --- [main] o.s.b.w.embedded.tomcat.TomcatWebServer  : Tomcat initialized with port(s): 80 (http)
2018-06-07 22:35:31.403  INFO 15164 --- [main] o.apache.catalina.core.StandardService   : Starting service [Tomcat]
2018-06-07 22:35:31.404  INFO 15164 --- [main] org.apache.catalina.core.StandardEngine  : Starting Servlet Engine: Apache Tomcat/8.5.31
2018-06-07 22:35:31.411  INFO 15164 --- [localhost-startStop-1] o.a.catalina.core.AprLifecycleListener   : The APR based Apache Tomcat Native library which allows optimal performance in production environments was not found on the java.library.path: [C:\Program Files\Java\jre1.8.0_121\bin;C:\Windows\Sun\Java\bin;C:\Windows\system32;C:\Windows;C:/Program Files/Java/jre1.8.0_121/bin/server;C:/Program Files/Java/jre1.8.0_121/bin;C:/Program Files/Java/jre1.8.0_121/lib/amd64;C:\ProgramData\Oracle\Java\javapath;C:\Windows\system32;C:\Windows;C:\Windows\System32\Wbem;C:\Windows\System32\WindowsPowerShell\v1.0\;C:\Windows\System32\OpenSSH\;C:\Program Files\Java\jdk1.8.0_121\bin;C:\Program Files\Java\jdk1.8.0_121\jre\bin;C:\apache-maven-3.5.3\bin;C:\Users\Administrator\AppData\Local\Microsoft\WindowsApps;;F:\learn\spring-tool-suite-3.9.0.RELEASE-e4.7.0-win32-x86_64\sts-bundle\sts-3.9.0.RELEASE;;.]
2018-06-07 22:35:31.576  INFO 15164 --- [localhost-startStop-1] o.a.c.c.C.[Tomcat].[localhost].[/]       : Initializing Spring embedded WebApplicationContext
2018-06-07 22:35:31.577  INFO 15164 --- [localhost-startStop-1] o.s.web.context.ContextLoader            : Root WebApplicationContext: initialization completed in 1626 ms
2018-06-07 22:35:31.811  INFO 15164 --- [localhost-startStop-1] o.s.b.w.servlet.ServletRegistrationBean  : Servlet dispatcherServlet mapped to [/]
2018-06-07 22:35:31.819  INFO 15164 --- [localhost-startStop-1] o.s.b.w.servlet.FilterRegistrationBean   : Mapping filter: 'characterEncodingFilter' to: [/*]
2018-06-07 22:35:31.820  INFO 15164 --- [localhost-startStop-1] o.s.b.w.servlet.FilterRegistrationBean   : Mapping filter: 'hiddenHttpMethodFilter' to: [/*]
2018-06-07 22:35:31.821  INFO 15164 --- [localhost-startStop-1] o.s.b.w.servlet.FilterRegistrationBean   : Mapping filter: 'httpPutFormContentFilter' to: [/*]
2018-06-07 22:35:31.821  INFO 15164 --- [localhost-startStop-1] o.s.b.w.servlet.FilterRegistrationBean   : Mapping filter: 'requestContextFilter' to: [/*]
2018-06-07 22:35:32.266  INFO 15164 --- [main] s.w.s.m.m.a.RequestMappingHandlerAdapter : Looking for @ControllerAdvice: org.springframework.boot.web.servlet.context.AnnotationConfigServletWebServerApplicationContext@2d1ef81a: startup date [Thu Jun 07 22:35:29 CST 2018]; root of context hierarchy
2018-06-07 22:35:32.354  INFO 15164 --- [main] s.w.s.m.m.a.RequestMappingHandlerMapping : Mapped "{[/index01]}" onto public java.lang.String com.hello.controller.CommonAction.index01()
2018-06-07 22:35:32.356  INFO 15164 --- [main] s.w.s.m.m.a.RequestMappingHandlerMapping : Mapped "{[/jobHome]}" onto public java.lang.String com.hello.controller.CommonAction.jobHome()
2018-06-07 22:35:32.358  INFO 15164 --- [main] s.w.s.m.m.a.RequestMappingHandlerMapping : Mapped "{[/welcome]}" onto public java.lang.String com.hello.controller.CommonAction.welcome(javax.servlet.http.HttpServletRequest,javax.servlet.http.HttpServletResponse,org.springframework.ui.ModelMap)
2018-06-07 22:35:32.359  INFO 15164 --- [main] s.w.s.m.m.a.RequestMappingHandlerMapping : Mapped "{[/index02]}" onto public java.lang.String com.hello.controller.CommonAction.index02()
2018-06-07 22:35:32.365  INFO 15164 --- [main] s.w.s.m.m.a.RequestMappingHandlerMapping : Mapped "{[/error]}" onto public org.springframework.http.ResponseEntity<java.util.Map<java.lang.String, java.lang.Object>> org.springframework.boot.autoconfigure.web.servlet.error.BasicErrorController.error(javax.servlet.http.HttpServletRequest)
2018-06-07 22:35:32.366  INFO 15164 --- [main] s.w.s.m.m.a.RequestMappingHandlerMapping : Mapped "{[/error],produces=[text/html]}" onto public org.springframework.web.servlet.ModelAndView org.springframework.boot.autoconfigure.web.servlet.error.BasicErrorController.errorHtml(javax.servlet.http.HttpServletRequest,javax.servlet.http.HttpServletResponse)
2018-06-07 22:35:32.421  INFO 15164 --- [main] o.s.w.s.handler.SimpleUrlHandlerMapping  : Mapped URL path [/webjars/**] onto handler of type [class org.springframework.web.servlet.resource.ResourceHttpRequestHandler]
2018-06-07 22:35:32.422  INFO 15164 --- [main] o.s.w.s.handler.SimpleUrlHandlerMapping  : Mapped URL path [/**] onto handler of type [class org.springframework.web.servlet.resource.ResourceHttpRequestHandler]
2018-06-07 22:35:32.754  INFO 15164 --- [main] o.s.j.e.a.AnnotationMBeanExporter        : Registering beans for JMX exposure on startup
2018-06-07 22:35:32.805  INFO 15164 --- [main] o.s.b.w.embedded.tomcat.TomcatWebServer  : Tomcat started on port(s): 80 (http) with context path ''
2018-06-07 22:35:32.811  INFO 15164 --- [main] com.hello.HelloApplication               : Started HelloApplication in 3.566 seconds (JVM running for 4.808)
2018-06-07 22:35:38.961  INFO 15164 --- [http-nio-80-exec-1] o.a.c.c.C.[Tomcat].[localhost].[/]       : Initializing Spring FrameworkServlet 'dispatcherServlet'
2018-06-07 22:35:38.961  INFO 15164 --- [http-nio-80-exec-1] o.s.web.servlet.DispatcherServlet        : FrameworkServlet 'dispatcherServlet': initialization started
2018-06-07 22:35:38.990  INFO 15164 --- [http-nio-80-exec-1] o.s.web.servlet.DispatcherServlet        : FrameworkServlet 'dispatcherServlet': initialization completed in 29 ms
2018-06-07 22:35:47.329  INFO 15164 --- [http-nio-80-exec-2] com.hello.controller.CommonAction        : 杨总，刘总来参观指导！
2018-06-07 22:45:40.953  INFO 5012 --- [main] com.hello.HelloApplicationTests          : Starting HelloApplicationTests on MicroWin10-0019 with PID 5012 (started by Administrator in C:\Users\admin\Documents\workspace-sts-3.9.0.RELEASE\hello)
2018-06-07 22:45:40.959  INFO 5012 --- [main] com.hello.HelloApplicationTests          : No active profile set, falling back to default profiles: default
2018-06-07 22:45:41.040  INFO 5012 --- [main] o.s.w.c.s.GenericWebApplicationContext   : Refreshing org.springframework.web.context.support.GenericWebApplicationContext@11bb571c: startup date [Thu Jun 07 22:45:41 CST 2018]; root of context hierarchy
2018-06-07 22:45:44.638  INFO 5012 --- [main] s.w.s.m.m.a.RequestMappingHandlerAdapter : Looking for @ControllerAdvice: org.springframework.web.context.support.GenericWebApplicationContext@11bb571c: startup date [Thu Jun 07 22:45:41 CST 2018]; root of context hierarchy
2018-06-07 22:45:44.947  INFO 5012 --- [main] s.w.s.m.m.a.RequestMappingHandlerMapping : Mapped "{[/index02]}" onto public java.lang.String com.hello.controller.CommonAction.index02()
2018-06-07 22:45:44.952  INFO 5012 --- [main] s.w.s.m.m.a.RequestMappingHandlerMapping : Mapped "{[/welcome]}" onto public java.lang.String com.hello.controller.CommonAction.welcome(javax.servlet.http.HttpServletRequest,javax.servlet.http.HttpServletResponse,org.springframework.ui.ModelMap)
2018-06-07 22:45:44.954  INFO 5012 --- [main] s.w.s.m.m.a.RequestMappingHandlerMapping : Mapped "{[/index01]}" onto public java.lang.String com.hello.controller.CommonAction.index01()
2018-06-07 22:45:44.955  INFO 5012 --- [main] s.w.s.m.m.a.RequestMappingHandlerMapping : Mapped "{[/jobHome]}" onto public java.lang.String com.hello.controller.CommonAction.jobHome()
2018-06-07 22:45:44.966  INFO 5012 --- [main] s.w.s.m.m.a.RequestMappingHandlerMapping : Mapped "{[/error]}" onto public org.springframework.http.ResponseEntity<java.util.Map<java.lang.String, java.lang.Object>> org.springframework.boot.autoconfigure.web.servlet.error.BasicErrorController.error(javax.servlet.http.HttpServletRequest)
2018-06-07 22:45:44.970  INFO 5012 --- [main] s.w.s.m.m.a.RequestMappingHandlerMapping : Mapped "{[/error],produces=[text/html]}" onto public org.springframework.web.servlet.ModelAndView org.springframework.boot.autoconfigure.web.servlet.error.BasicErrorController.errorHtml(javax.servlet.http.HttpServletRequest,javax.servlet.http.HttpServletResponse)
2018-06-07 22:45:45.174  INFO 5012 --- [main] o.s.w.s.handler.SimpleUrlHandlerMapping  : Mapped URL path [/webjars/**] onto handler of type [class org.springframework.web.servlet.resource.ResourceHttpRequestHandler]
2018-06-07 22:45:45.174  INFO 5012 --- [main] o.s.w.s.handler.SimpleUrlHandlerMapping  : Mapped URL path [/**] onto handler of type [class org.springframework.web.servlet.resource.ResourceHttpRequestHandler]
2018-06-07 22:45:46.724  INFO 5012 --- [main] com.hello.HelloApplicationTests          : Started HelloApplicationTests in 6.916 seconds (JVM running for 9.115)
2018-06-07 22:45:47.680  INFO 5012 --- [Thread-2] o.s.w.c.s.GenericWebApplicationContext   : Closing org.springframework.web.context.support.GenericWebApplicationContext@11bb571c: startup date [Thu Jun 07 22:45:41 CST 2018]; root of context hierarchy
2018-06-07 22:47:33.718  INFO 15164 --- [RMI TCP Connection(2)-127.0.0.1] inMXBeanRegistrar$SpringApplicationAdmin : Application shutdown requested.
2018-06-07 22:47:33.718  INFO 15164 --- [RMI TCP Connection(2)-127.0.0.1] ConfigServletWebServerApplicationContext : Closing org.springframework.boot.web.servlet.context.AnnotationConfigServletWebServerApplicationContext@2d1ef81a: startup date [Thu Jun 07 22:35:29 CST 2018]; root of context hierarchy
2018-06-07 22:47:33.723  INFO 15164 --- [RMI TCP Connection(2)-127.0.0.1] o.s.j.e.a.AnnotationMBeanExporter        : Unregistering JMX-exposed beans on shutdown
