2018-07-07 21:57:25.235  INFO 11492 --- [main] com.hello.HelloApplication               : Starting HelloApplication on MicroWin10-0019 with PID 11492 (F:\learn\04xgh\code\hello\target\classes started by Administrator in F:\learn\04xgh\code\hello)
2018-07-07 21:57:25.243  INFO 11492 --- [main] com.hello.HelloApplication               : No active profile set, falling back to default profiles: default
2018-07-07 21:57:25.295  INFO 11492 --- [main] ConfigServletWebServerApplicationContext : Refreshing org.springframework.boot.web.servlet.context.AnnotationConfigServletWebServerApplicationContext@7530ad9c: startup date [Sat Jul 07 21:57:25 CST 2018]; root of context hierarchy
2018-07-07 21:57:26.328  INFO 11492 --- [main] o.s.b.w.embedded.tomcat.TomcatWebServer  : Tomcat initialized with port(s): 80 (http)
2018-07-07 21:57:26.347  INFO 11492 --- [main] o.apache.catalina.core.StandardService   : Starting service [Tomcat]
2018-07-07 21:57:26.347  INFO 11492 --- [main] org.apache.catalina.core.StandardEngine  : Starting Servlet Engine: Apache Tomcat/8.5.31
2018-07-07 21:57:26.351  INFO 11492 --- [localhost-startStop-1] o.a.catalina.core.AprLifecycleListener   : The APR based Apache Tomcat Native library which allows optimal performance in production environments was not found on the java.library.path: [C:\Program Files\Java\jdk1.8.0_121\bin;C:\Windows\Sun\Java\bin;C:\Windows\system32;C:\Windows;C:/Program Files/Java/jre1.8.0_121/bin/server;C:/Program Files/Java/jre1.8.0_121/bin;C:/Program Files/Java/jre1.8.0_121/lib/amd64;C:\ProgramData\Oracle\Java\javapath;C:\Windows\system32;C:\Windows;C:\Windows\System32\Wbem;C:\Windows\System32\WindowsPowerShell\v1.0\;C:\Windows\System32\OpenSSH\;C:\Program Files\Java\jdk1.8.0_121\bin;C:\Program Files\Java\jdk1.8.0_121\jre\bin;C:\apache-maven-3.5.3\bin;C:\Users\Administrator\AppData\Local\Microsoft\WindowsApps;;F:\learn\spring-tool-suite-3.9.0.RELEASE-e4.7.0-win32-x86_64\sts-bundle\sts-3.9.0.RELEASE;;.]
2018-07-07 21:57:26.455  INFO 11492 --- [localhost-startStop-1] o.a.c.c.C.[Tomcat].[localhost].[/]       : Initializing Spring embedded WebApplicationContext
2018-07-07 21:57:26.455  INFO 11492 --- [localhost-startStop-1] o.s.web.context.ContextLoader            : Root WebApplicationContext: initialization completed in 1160 ms
2018-07-07 21:57:26.619  INFO 11492 --- [localhost-startStop-1] o.s.b.w.servlet.ServletRegistrationBean  : Servlet dispatcherServlet mapped to [/]
2018-07-07 21:57:26.627  INFO 11492 --- [localhost-startStop-1] o.s.b.w.servlet.FilterRegistrationBean   : Mapping filter: 'characterEncodingFilter' to: [/*]
2018-07-07 21:57:26.627  INFO 11492 --- [localhost-startStop-1] o.s.b.w.servlet.FilterRegistrationBean   : Mapping filter: 'hiddenHttpMethodFilter' to: [/*]
2018-07-07 21:57:26.627  INFO 11492 --- [localhost-startStop-1] o.s.b.w.servlet.FilterRegistrationBean   : Mapping filter: 'httpPutFormContentFilter' to: [/*]
2018-07-07 21:57:26.627  INFO 11492 --- [localhost-startStop-1] o.s.b.w.servlet.FilterRegistrationBean   : Mapping filter: 'requestContextFilter' to: [/*]
2018-07-07 21:57:27.021  INFO 11492 --- [main] s.w.s.m.m.a.RequestMappingHandlerAdapter : Looking for @ControllerAdvice: org.springframework.boot.web.servlet.context.AnnotationConfigServletWebServerApplicationContext@7530ad9c: startup date [Sat Jul 07 21:57:25 CST 2018]; root of context hierarchy
2018-07-07 21:57:27.080  INFO 11492 --- [main] s.w.s.m.m.a.RequestMappingHandlerMapping : Mapped "{[/jobHome]}" onto public java.lang.String com.hello.controller.CommonAction.jobHome()
2018-07-07 21:57:27.080  INFO 11492 --- [main] s.w.s.m.m.a.RequestMappingHandlerMapping : Mapped "{[/welcome]}" onto public java.lang.String com.hello.controller.CommonAction.welcome(javax.servlet.http.HttpServletRequest,javax.servlet.http.HttpServletResponse,org.springframework.ui.ModelMap)
2018-07-07 21:57:27.080  INFO 11492 --- [main] s.w.s.m.m.a.RequestMappingHandlerMapping : Mapped "{[/index01]}" onto public java.lang.String com.hello.controller.CommonAction.index01()
2018-07-07 21:57:27.080  INFO 11492 --- [main] s.w.s.m.m.a.RequestMappingHandlerMapping : Mapped "{[/index02]}" onto public java.lang.String com.hello.controller.CommonAction.index02()
2018-07-07 21:57:27.084  INFO 11492 --- [main] s.w.s.m.m.a.RequestMappingHandlerMapping : Mapped "{[/index01Config]}" onto public java.lang.Object com.hello.controller.IndexAction.index01Config()
2018-07-07 21:57:27.084  INFO 11492 --- [main] s.w.s.m.m.a.RequestMappingHandlerMapping : Mapped "{[/index02Config]}" onto public java.lang.Object com.hello.controller.IndexAction.index02Config()
2018-07-07 21:57:27.088  INFO 11492 --- [main] s.w.s.m.m.a.RequestMappingHandlerMapping : Mapped "{[/error]}" onto public org.springframework.http.ResponseEntity<java.util.Map<java.lang.String, java.lang.Object>> org.springframework.boot.autoconfigure.web.servlet.error.BasicErrorController.error(javax.servlet.http.HttpServletRequest)
2018-07-07 21:57:27.088  INFO 11492 --- [main] s.w.s.m.m.a.RequestMappingHandlerMapping : Mapped "{[/error],produces=[text/html]}" onto public org.springframework.web.servlet.ModelAndView org.springframework.boot.autoconfigure.web.servlet.error.BasicErrorController.errorHtml(javax.servlet.http.HttpServletRequest,javax.servlet.http.HttpServletResponse)
2018-07-07 21:57:27.136  INFO 11492 --- [main] o.s.w.s.handler.SimpleUrlHandlerMapping  : Mapped URL path [/webjars/**] onto handler of type [class org.springframework.web.servlet.resource.ResourceHttpRequestHandler]
2018-07-07 21:57:27.136  INFO 11492 --- [main] o.s.w.s.handler.SimpleUrlHandlerMapping  : Mapped URL path [/**] onto handler of type [class org.springframework.web.servlet.resource.ResourceHttpRequestHandler]
2018-07-07 21:57:27.388  INFO 11492 --- [main] o.s.j.e.a.AnnotationMBeanExporter        : Registering beans for JMX exposure on startup
2018-07-07 21:57:27.440  INFO 11492 --- [main] o.s.b.w.embedded.tomcat.TomcatWebServer  : Tomcat started on port(s): 80 (http) with context path ''
2018-07-07 21:57:27.444  INFO 11492 --- [main] com.hello.HelloApplication               : Started HelloApplication in 2.737 seconds (JVM running for 3.971)
2018-07-07 21:57:35.162  INFO 11492 --- [http-nio-80-exec-1] o.a.c.c.C.[Tomcat].[localhost].[/]       : Initializing Spring FrameworkServlet 'dispatcherServlet'
2018-07-07 21:57:35.163  INFO 11492 --- [http-nio-80-exec-1] o.s.web.servlet.DispatcherServlet        : FrameworkServlet 'dispatcherServlet': initialization started
2018-07-07 21:57:35.192  INFO 11492 --- [http-nio-80-exec-1] o.s.web.servlet.DispatcherServlet        : FrameworkServlet 'dispatcherServlet': initialization completed in 29 ms
2018-07-07 21:57:35.227  INFO 11492 --- [http-nio-80-exec-1] com.hello.controller.CommonAction        : 杨总，刘总来参观指导！
2018-07-07 21:58:25.052  INFO 11492 --- [RMI TCP Connection(2)-127.0.0.1] inMXBeanRegistrar$SpringApplicationAdmin : Application shutdown requested.
2018-07-07 21:58:25.056  INFO 11492 --- [RMI TCP Connection(2)-127.0.0.1] ConfigServletWebServerApplicationContext : Closing org.springframework.boot.web.servlet.context.AnnotationConfigServletWebServerApplicationContext@7530ad9c: startup date [Sat Jul 07 21:57:25 CST 2018]; root of context hierarchy
2018-07-07 21:58:25.058  INFO 11492 --- [RMI TCP Connection(2)-127.0.0.1] o.s.j.e.a.AnnotationMBeanExporter        : Unregistering JMX-exposed beans on shutdown
2018-07-07 21:58:32.936  INFO 12684 --- [main] com.hello.HelloApplication               : Starting HelloApplication on MicroWin10-0019 with PID 12684 (F:\learn\04xgh\code\hello\target\classes started by Administrator in F:\learn\04xgh\code\hello)
2018-07-07 21:58:32.940  INFO 12684 --- [main] com.hello.HelloApplication               : No active profile set, falling back to default profiles: default
2018-07-07 21:58:32.993  INFO 12684 --- [main] ConfigServletWebServerApplicationContext : Refreshing org.springframework.boot.web.servlet.context.AnnotationConfigServletWebServerApplicationContext@7530ad9c: startup date [Sat Jul 07 21:58:32 CST 2018]; root of context hierarchy
2018-07-07 21:58:34.041  INFO 12684 --- [main] o.s.b.w.embedded.tomcat.TomcatWebServer  : Tomcat initialized with port(s): 80 (http)
2018-07-07 21:58:34.064  INFO 12684 --- [main] o.apache.catalina.core.StandardService   : Starting service [Tomcat]
2018-07-07 21:58:34.065  INFO 12684 --- [main] org.apache.catalina.core.StandardEngine  : Starting Servlet Engine: Apache Tomcat/8.5.31
2018-07-07 21:58:34.070  INFO 12684 --- [localhost-startStop-1] o.a.catalina.core.AprLifecycleListener   : The APR based Apache Tomcat Native library which allows optimal performance in production environments was not found on the java.library.path: [C:\Program Files\Java\jdk1.8.0_121\bin;C:\Windows\Sun\Java\bin;C:\Windows\system32;C:\Windows;C:/Program Files/Java/jre1.8.0_121/bin/server;C:/Program Files/Java/jre1.8.0_121/bin;C:/Program Files/Java/jre1.8.0_121/lib/amd64;C:\ProgramData\Oracle\Java\javapath;C:\Windows\system32;C:\Windows;C:\Windows\System32\Wbem;C:\Windows\System32\WindowsPowerShell\v1.0\;C:\Windows\System32\OpenSSH\;C:\Program Files\Java\jdk1.8.0_121\bin;C:\Program Files\Java\jdk1.8.0_121\jre\bin;C:\apache-maven-3.5.3\bin;C:\Users\Administrator\AppData\Local\Microsoft\WindowsApps;;F:\learn\spring-tool-suite-3.9.0.RELEASE-e4.7.0-win32-x86_64\sts-bundle\sts-3.9.0.RELEASE;;.]
2018-07-07 21:58:34.181  INFO 12684 --- [localhost-startStop-1] o.a.c.c.C.[Tomcat].[localhost].[/]       : Initializing Spring embedded WebApplicationContext
2018-07-07 21:58:34.181  INFO 12684 --- [localhost-startStop-1] o.s.web.context.ContextLoader            : Root WebApplicationContext: initialization completed in 1188 ms
2018-07-07 21:58:34.341  INFO 12684 --- [localhost-startStop-1] o.s.b.w.servlet.ServletRegistrationBean  : Servlet dispatcherServlet mapped to [/]
2018-07-07 21:58:34.345  INFO 12684 --- [localhost-startStop-1] o.s.b.w.servlet.FilterRegistrationBean   : Mapping filter: 'characterEncodingFilter' to: [/*]
2018-07-07 21:58:34.345  INFO 12684 --- [localhost-startStop-1] o.s.b.w.servlet.FilterRegistrationBean   : Mapping filter: 'hiddenHttpMethodFilter' to: [/*]
2018-07-07 21:58:34.345  INFO 12684 --- [localhost-startStop-1] o.s.b.w.servlet.FilterRegistrationBean   : Mapping filter: 'httpPutFormContentFilter' to: [/*]
2018-07-07 21:58:34.345  INFO 12684 --- [localhost-startStop-1] o.s.b.w.servlet.FilterRegistrationBean   : Mapping filter: 'requestContextFilter' to: [/*]
2018-07-07 21:58:34.737  INFO 12684 --- [main] s.w.s.m.m.a.RequestMappingHandlerAdapter : Looking for @ControllerAdvice: org.springframework.boot.web.servlet.context.AnnotationConfigServletWebServerApplicationContext@7530ad9c: startup date [Sat Jul 07 21:58:32 CST 2018]; root of context hierarchy
2018-07-07 21:58:34.797  INFO 12684 --- [main] s.w.s.m.m.a.RequestMappingHandlerMapping : Mapped "{[/index01]}" onto public java.lang.String com.hello.controller.CommonAction.index01()
2018-07-07 21:58:34.797  INFO 12684 --- [main] s.w.s.m.m.a.RequestMappingHandlerMapping : Mapped "{[/index02]}" onto public java.lang.String com.hello.controller.CommonAction.index02()
2018-07-07 21:58:34.797  INFO 12684 --- [main] s.w.s.m.m.a.RequestMappingHandlerMapping : Mapped "{[/jobHome]}" onto public java.lang.String com.hello.controller.CommonAction.jobHome()
2018-07-07 21:58:34.797  INFO 12684 --- [main] s.w.s.m.m.a.RequestMappingHandlerMapping : Mapped "{[/welcome]}" onto public java.lang.String com.hello.controller.CommonAction.welcome(javax.servlet.http.HttpServletRequest,javax.servlet.http.HttpServletResponse,org.springframework.ui.ModelMap)
2018-07-07 21:58:34.801  INFO 12684 --- [main] s.w.s.m.m.a.RequestMappingHandlerMapping : Mapped "{[/index03]}" onto public java.lang.String com.hello.controller.CommonAction.index03()
2018-07-07 21:58:34.801  INFO 12684 --- [main] s.w.s.m.m.a.RequestMappingHandlerMapping : Mapped "{[/index01Config]}" onto public java.lang.Object com.hello.controller.IndexAction.index01Config()
2018-07-07 21:58:34.801  INFO 12684 --- [main] s.w.s.m.m.a.RequestMappingHandlerMapping : Mapped "{[/index02Config]}" onto public java.lang.Object com.hello.controller.IndexAction.index02Config()
2018-07-07 21:58:34.805  INFO 12684 --- [main] s.w.s.m.m.a.RequestMappingHandlerMapping : Mapped "{[/error]}" onto public org.springframework.http.ResponseEntity<java.util.Map<java.lang.String, java.lang.Object>> org.springframework.boot.autoconfigure.web.servlet.error.BasicErrorController.error(javax.servlet.http.HttpServletRequest)
2018-07-07 21:58:34.805  INFO 12684 --- [main] s.w.s.m.m.a.RequestMappingHandlerMapping : Mapped "{[/error],produces=[text/html]}" onto public org.springframework.web.servlet.ModelAndView org.springframework.boot.autoconfigure.web.servlet.error.BasicErrorController.errorHtml(javax.servlet.http.HttpServletRequest,javax.servlet.http.HttpServletResponse)
2018-07-07 21:58:34.841  INFO 12684 --- [main] o.s.w.s.handler.SimpleUrlHandlerMapping  : Mapped URL path [/webjars/**] onto handler of type [class org.springframework.web.servlet.resource.ResourceHttpRequestHandler]
2018-07-07 21:58:34.845  INFO 12684 --- [main] o.s.w.s.handler.SimpleUrlHandlerMapping  : Mapped URL path [/**] onto handler of type [class org.springframework.web.servlet.resource.ResourceHttpRequestHandler]
2018-07-07 21:58:35.095  INFO 12684 --- [main] o.s.j.e.a.AnnotationMBeanExporter        : Registering beans for JMX exposure on startup
2018-07-07 21:58:35.156  INFO 12684 --- [main] o.s.b.w.embedded.tomcat.TomcatWebServer  : Tomcat started on port(s): 80 (http) with context path ''
2018-07-07 21:58:35.164  INFO 12684 --- [main] com.hello.HelloApplication               : Started HelloApplication in 2.751 seconds (JVM running for 3.816)
2018-07-07 21:58:44.344  INFO 12684 --- [http-nio-80-exec-1] o.a.c.c.C.[Tomcat].[localhost].[/]       : Initializing Spring FrameworkServlet 'dispatcherServlet'
2018-07-07 21:58:44.344  INFO 12684 --- [http-nio-80-exec-1] o.s.web.servlet.DispatcherServlet        : FrameworkServlet 'dispatcherServlet': initialization started
2018-07-07 21:58:44.366  INFO 12684 --- [http-nio-80-exec-1] o.s.web.servlet.DispatcherServlet        : FrameworkServlet 'dispatcherServlet': initialization completed in 22 ms
2018-07-07 22:01:06.876  INFO 12684 --- [RMI TCP Connection(2)-127.0.0.1] inMXBeanRegistrar$SpringApplicationAdmin : Application shutdown requested.
2018-07-07 22:01:06.876  INFO 12684 --- [RMI TCP Connection(2)-127.0.0.1] ConfigServletWebServerApplicationContext : Closing org.springframework.boot.web.servlet.context.AnnotationConfigServletWebServerApplicationContext@7530ad9c: startup date [Sat Jul 07 21:58:32 CST 2018]; root of context hierarchy
2018-07-07 22:01:06.879  INFO 12684 --- [RMI TCP Connection(2)-127.0.0.1] o.s.j.e.a.AnnotationMBeanExporter        : Unregistering JMX-exposed beans on shutdown
2018-07-07 22:01:19.134  INFO 9388 --- [main] com.hello.HelloApplication               : Starting HelloApplication on MicroWin10-0019 with PID 9388 (F:\learn\04xgh\code\hello\target\classes started by Administrator in F:\learn\04xgh\code\hello)
2018-07-07 22:01:19.142  INFO 9388 --- [main] com.hello.HelloApplication               : No active profile set, falling back to default profiles: default
2018-07-07 22:01:19.241  INFO 9388 --- [main] ConfigServletWebServerApplicationContext : Refreshing org.springframework.boot.web.servlet.context.AnnotationConfigServletWebServerApplicationContext@62e6b5c8: startup date [Sat Jul 07 22:01:19 CST 2018]; root of context hierarchy
2018-07-07 22:01:20.490  INFO 9388 --- [main] o.s.b.w.embedded.tomcat.TomcatWebServer  : Tomcat initialized with port(s): 80 (http)
2018-07-07 22:01:20.516  INFO 9388 --- [main] o.apache.catalina.core.StandardService   : Starting service [Tomcat]
2018-07-07 22:01:20.516  INFO 9388 --- [main] org.apache.catalina.core.StandardEngine  : Starting Servlet Engine: Apache Tomcat/8.5.31
2018-07-07 22:01:20.520  INFO 9388 --- [localhost-startStop-1] o.a.catalina.core.AprLifecycleListener   : The APR based Apache Tomcat Native library which allows optimal performance in production environments was not found on the java.library.path: [C:\Program Files\Java\jdk1.8.0_121\bin;C:\Windows\Sun\Java\bin;C:\Windows\system32;C:\Windows;C:/Program Files/Java/jre1.8.0_121/bin/server;C:/Program Files/Java/jre1.8.0_121/bin;C:/Program Files/Java/jre1.8.0_121/lib/amd64;C:\ProgramData\Oracle\Java\javapath;C:\Windows\system32;C:\Windows;C:\Windows\System32\Wbem;C:\Windows\System32\WindowsPowerShell\v1.0\;C:\Windows\System32\OpenSSH\;C:\Program Files\Java\jdk1.8.0_121\bin;C:\Program Files\Java\jdk1.8.0_121\jre\bin;C:\apache-maven-3.5.3\bin;C:\Users\Administrator\AppData\Local\Microsoft\WindowsApps;;F:\learn\spring-tool-suite-3.9.0.RELEASE-e4.7.0-win32-x86_64\sts-bundle\sts-3.9.0.RELEASE;;.]
2018-07-07 22:01:20.652  INFO 9388 --- [localhost-startStop-1] o.a.c.c.C.[Tomcat].[localhost].[/]       : Initializing Spring embedded WebApplicationContext
2018-07-07 22:01:20.652  INFO 9388 --- [localhost-startStop-1] o.s.web.context.ContextLoader            : Root WebApplicationContext: initialization completed in 1411 ms
2018-07-07 22:01:20.860  INFO 9388 --- [localhost-startStop-1] o.s.b.w.servlet.ServletRegistrationBean  : Servlet dispatcherServlet mapped to [/]
2018-07-07 22:01:20.870  INFO 9388 --- [localhost-startStop-1] o.s.b.w.servlet.FilterRegistrationBean   : Mapping filter: 'characterEncodingFilter' to: [/*]
2018-07-07 22:01:20.871  INFO 9388 --- [localhost-startStop-1] o.s.b.w.servlet.FilterRegistrationBean   : Mapping filter: 'hiddenHttpMethodFilter' to: [/*]
2018-07-07 22:01:20.872  INFO 9388 --- [localhost-startStop-1] o.s.b.w.servlet.FilterRegistrationBean   : Mapping filter: 'httpPutFormContentFilter' to: [/*]
2018-07-07 22:01:20.872  INFO 9388 --- [localhost-startStop-1] o.s.b.w.servlet.FilterRegistrationBean   : Mapping filter: 'requestContextFilter' to: [/*]
2018-07-07 22:01:21.419  INFO 9388 --- [main] s.w.s.m.m.a.RequestMappingHandlerAdapter : Looking for @ControllerAdvice: org.springframework.boot.web.servlet.context.AnnotationConfigServletWebServerApplicationContext@62e6b5c8: startup date [Sat Jul 07 22:01:19 CST 2018]; root of context hierarchy
2018-07-07 22:01:21.503  INFO 9388 --- [main] s.w.s.m.m.a.RequestMappingHandlerMapping : Mapped "{[/jobHome]}" onto public java.lang.String com.hello.controller.CommonAction.jobHome()
2018-07-07 22:01:21.505  INFO 9388 --- [main] s.w.s.m.m.a.RequestMappingHandlerMapping : Mapped "{[/index01]}" onto public java.lang.String com.hello.controller.CommonAction.index01()
2018-07-07 22:01:21.505  INFO 9388 --- [main] s.w.s.m.m.a.RequestMappingHandlerMapping : Mapped "{[/index02]}" onto public java.lang.String com.hello.controller.CommonAction.index02()
2018-07-07 22:01:21.506  INFO 9388 --- [main] s.w.s.m.m.a.RequestMappingHandlerMapping : Mapped "{[/welcome]}" onto public java.lang.String com.hello.controller.CommonAction.welcome(javax.servlet.http.HttpServletRequest,javax.servlet.http.HttpServletResponse,org.springframework.ui.ModelMap)
2018-07-07 22:01:21.506  INFO 9388 --- [main] s.w.s.m.m.a.RequestMappingHandlerMapping : Mapped "{[/index03]}" onto public java.lang.String com.hello.controller.CommonAction.index03()
2018-07-07 22:01:21.506  INFO 9388 --- [main] s.w.s.m.m.a.RequestMappingHandlerMapping : Mapped "{[/index02Config]}" onto public java.lang.Object com.hello.controller.IndexAction.index02Config()
2018-07-07 22:01:21.506  INFO 9388 --- [main] s.w.s.m.m.a.RequestMappingHandlerMapping : Mapped "{[/index01Config]}" onto public java.lang.Object com.hello.controller.IndexAction.index01Config()
2018-07-07 22:01:21.514  INFO 9388 --- [main] s.w.s.m.m.a.RequestMappingHandlerMapping : Mapped "{[/error]}" onto public org.springframework.http.ResponseEntity<java.util.Map<java.lang.String, java.lang.Object>> org.springframework.boot.autoconfigure.web.servlet.error.BasicErrorController.error(javax.servlet.http.HttpServletRequest)
2018-07-07 22:01:21.514  INFO 9388 --- [main] s.w.s.m.m.a.RequestMappingHandlerMapping : Mapped "{[/error],produces=[text/html]}" onto public org.springframework.web.servlet.ModelAndView org.springframework.boot.autoconfigure.web.servlet.error.BasicErrorController.errorHtml(javax.servlet.http.HttpServletRequest,javax.servlet.http.HttpServletResponse)
2018-07-07 22:01:21.574  INFO 9388 --- [main] o.s.w.s.handler.SimpleUrlHandlerMapping  : Mapped URL path [/webjars/**] onto handler of type [class org.springframework.web.servlet.resource.ResourceHttpRequestHandler]
2018-07-07 22:01:21.574  INFO 9388 --- [main] o.s.w.s.handler.SimpleUrlHandlerMapping  : Mapped URL path [/**] onto handler of type [class org.springframework.web.servlet.resource.ResourceHttpRequestHandler]
2018-07-07 22:01:21.919  INFO 9388 --- [main] o.s.j.e.a.AnnotationMBeanExporter        : Registering beans for JMX exposure on startup
2018-07-07 22:01:21.984  INFO 9388 --- [main] o.s.b.w.embedded.tomcat.TomcatWebServer  : Tomcat started on port(s): 80 (http) with context path ''
2018-07-07 22:01:21.988  INFO 9388 --- [main] com.hello.HelloApplication               : Started HelloApplication in 3.459 seconds (JVM running for 5.024)
2018-07-07 22:01:37.131  INFO 9388 --- [http-nio-80-exec-1] o.a.c.c.C.[Tomcat].[localhost].[/]       : Initializing Spring FrameworkServlet 'dispatcherServlet'
2018-07-07 22:01:37.132  INFO 9388 --- [http-nio-80-exec-1] o.s.web.servlet.DispatcherServlet        : FrameworkServlet 'dispatcherServlet': initialization started
2018-07-07 22:01:37.172  INFO 9388 --- [http-nio-80-exec-1] o.s.web.servlet.DispatcherServlet        : FrameworkServlet 'dispatcherServlet': initialization completed in 40 ms
2018-07-07 22:01:37.211  INFO 9388 --- [http-nio-80-exec-1] com.hello.controller.CommonAction        : 杨总，刘总来参观指导！
2018-07-07 22:14:36.175  INFO 9292 --- [main] com.hello.HelloApplication               : Starting HelloApplication on MicroWin10-0019 with PID 9292 (F:\learn\04xgh\code\hello\target\classes started by Administrator in F:\learn\04xgh\code\hello)
2018-07-07 22:14:36.183  INFO 9292 --- [main] com.hello.HelloApplication               : No active profile set, falling back to default profiles: default
2018-07-07 22:14:36.232  INFO 9292 --- [main] ConfigServletWebServerApplicationContext : Refreshing org.springframework.boot.web.servlet.context.AnnotationConfigServletWebServerApplicationContext@4961f6af: startup date [Sat Jul 07 22:14:36 CST 2018]; root of context hierarchy
2018-07-07 22:14:37.290  INFO 9292 --- [main] o.s.b.w.embedded.tomcat.TomcatWebServer  : Tomcat initialized with port(s): 80 (http)
2018-07-07 22:14:37.311  INFO 9292 --- [main] o.apache.catalina.core.StandardService   : Starting service [Tomcat]
2018-07-07 22:14:37.311  INFO 9292 --- [main] org.apache.catalina.core.StandardEngine  : Starting Servlet Engine: Apache Tomcat/8.5.31
2018-07-07 22:14:37.319  INFO 9292 --- [localhost-startStop-1] o.a.catalina.core.AprLifecycleListener   : The APR based Apache Tomcat Native library which allows optimal performance in production environments was not found on the java.library.path: [C:\Program Files\Java\jdk1.8.0_121\bin;C:\Windows\Sun\Java\bin;C:\Windows\system32;C:\Windows;C:/Program Files/Java/jre1.8.0_121/bin/server;C:/Program Files/Java/jre1.8.0_121/bin;C:/Program Files/Java/jre1.8.0_121/lib/amd64;C:\ProgramData\Oracle\Java\javapath;C:\Windows\system32;C:\Windows;C:\Windows\System32\Wbem;C:\Windows\System32\WindowsPowerShell\v1.0\;C:\Windows\System32\OpenSSH\;C:\Program Files\Java\jdk1.8.0_121\bin;C:\Program Files\Java\jdk1.8.0_121\jre\bin;C:\apache-maven-3.5.3\bin;C:\Users\Administrator\AppData\Local\Microsoft\WindowsApps;;F:\learn\spring-tool-suite-3.9.0.RELEASE-e4.7.0-win32-x86_64\sts-bundle\sts-3.9.0.RELEASE;;.]
2018-07-07 22:14:37.427  INFO 9292 --- [localhost-startStop-1] o.a.c.c.C.[Tomcat].[localhost].[/]       : Initializing Spring embedded WebApplicationContext
2018-07-07 22:14:37.427  INFO 9292 --- [localhost-startStop-1] o.s.web.context.ContextLoader            : Root WebApplicationContext: initialization completed in 1195 ms
2018-07-07 22:14:37.579  INFO 9292 --- [localhost-startStop-1] o.s.b.w.servlet.ServletRegistrationBean  : Servlet dispatcherServlet mapped to [/]
2018-07-07 22:14:37.583  INFO 9292 --- [localhost-startStop-1] o.s.b.w.servlet.FilterRegistrationBean   : Mapping filter: 'characterEncodingFilter' to: [/*]
2018-07-07 22:14:37.587  INFO 9292 --- [localhost-startStop-1] o.s.b.w.servlet.FilterRegistrationBean   : Mapping filter: 'hiddenHttpMethodFilter' to: [/*]
2018-07-07 22:14:37.587  INFO 9292 --- [localhost-startStop-1] o.s.b.w.servlet.FilterRegistrationBean   : Mapping filter: 'httpPutFormContentFilter' to: [/*]
2018-07-07 22:14:37.587  INFO 9292 --- [localhost-startStop-1] o.s.b.w.servlet.FilterRegistrationBean   : Mapping filter: 'requestContextFilter' to: [/*]
2018-07-07 22:14:37.954  INFO 9292 --- [main] s.w.s.m.m.a.RequestMappingHandlerAdapter : Looking for @ControllerAdvice: org.springframework.boot.web.servlet.context.AnnotationConfigServletWebServerApplicationContext@4961f6af: startup date [Sat Jul 07 22:14:36 CST 2018]; root of context hierarchy
2018-07-07 22:14:38.011  INFO 9292 --- [main] s.w.s.m.m.a.RequestMappingHandlerMapping : Mapped "{[/index02]}" onto public java.lang.String com.hello.controller.CommonAction.index02()
2018-07-07 22:14:38.011  INFO 9292 --- [main] s.w.s.m.m.a.RequestMappingHandlerMapping : Mapped "{[/jobHome]}" onto public java.lang.String com.hello.controller.CommonAction.jobHome()
2018-07-07 22:14:38.015  INFO 9292 --- [main] s.w.s.m.m.a.RequestMappingHandlerMapping : Mapped "{[/index01]}" onto public java.lang.String com.hello.controller.CommonAction.index01()
2018-07-07 22:14:38.015  INFO 9292 --- [main] s.w.s.m.m.a.RequestMappingHandlerMapping : Mapped "{[/welcome]}" onto public java.lang.String com.hello.controller.CommonAction.welcome(javax.servlet.http.HttpServletRequest,javax.servlet.http.HttpServletResponse,org.springframework.ui.ModelMap)
2018-07-07 22:14:38.015  INFO 9292 --- [main] s.w.s.m.m.a.RequestMappingHandlerMapping : Mapped "{[/index03]}" onto public java.lang.String com.hello.controller.CommonAction.index03()
2018-07-07 22:14:38.015  INFO 9292 --- [main] s.w.s.m.m.a.RequestMappingHandlerMapping : Mapped "{[/index02Config]}" onto public java.lang.Object com.hello.controller.IndexAction.index02Config()
2018-07-07 22:14:38.015  INFO 9292 --- [main] s.w.s.m.m.a.RequestMappingHandlerMapping : Mapped "{[/index01Config]}" onto public java.lang.Object com.hello.controller.IndexAction.index01Config()
2018-07-07 22:14:38.019  INFO 9292 --- [main] s.w.s.m.m.a.RequestMappingHandlerMapping : Mapped "{[/error]}" onto public org.springframework.http.ResponseEntity<java.util.Map<java.lang.String, java.lang.Object>> org.springframework.boot.autoconfigure.web.servlet.error.BasicErrorController.error(javax.servlet.http.HttpServletRequest)
2018-07-07 22:14:38.023  INFO 9292 --- [main] s.w.s.m.m.a.RequestMappingHandlerMapping : Mapped "{[/error],produces=[text/html]}" onto public org.springframework.web.servlet.ModelAndView org.springframework.boot.autoconfigure.web.servlet.error.BasicErrorController.errorHtml(javax.servlet.http.HttpServletRequest,javax.servlet.http.HttpServletResponse)
2018-07-07 22:14:38.062  INFO 9292 --- [main] o.s.w.s.handler.SimpleUrlHandlerMapping  : Mapped URL path [/webjars/**] onto handler of type [class org.springframework.web.servlet.resource.ResourceHttpRequestHandler]
2018-07-07 22:14:38.063  INFO 9292 --- [main] o.s.w.s.handler.SimpleUrlHandlerMapping  : Mapped URL path [/**] onto handler of type [class org.springframework.web.servlet.resource.ResourceHttpRequestHandler]
2018-07-07 22:14:38.305  INFO 9292 --- [main] o.s.j.e.a.AnnotationMBeanExporter        : Registering beans for JMX exposure on startup
2018-07-07 22:14:38.355  INFO 9292 --- [main] o.s.b.w.embedded.tomcat.TomcatWebServer  : Tomcat started on port(s): 80 (http) with context path ''
2018-07-07 22:14:38.359  INFO 9292 --- [main] com.hello.HelloApplication               : Started HelloApplication in 2.694 seconds (JVM running for 3.748)
2018-07-07 22:14:41.914  INFO 9292 --- [http-nio-80-exec-1] o.a.c.c.C.[Tomcat].[localhost].[/]       : Initializing Spring FrameworkServlet 'dispatcherServlet'
2018-07-07 22:14:41.914  INFO 9292 --- [http-nio-80-exec-1] o.s.web.servlet.DispatcherServlet        : FrameworkServlet 'dispatcherServlet': initialization started
2018-07-07 22:14:41.936  INFO 9292 --- [http-nio-80-exec-1] o.s.web.servlet.DispatcherServlet        : FrameworkServlet 'dispatcherServlet': initialization completed in 21 ms
2018-07-07 22:16:02.917  INFO 9292 --- [http-nio-80-exec-6] com.hello.controller.CommonAction        : 请输入welcome参数，表示欢迎谁来参观
2018-07-07 22:16:02.918  INFO 9292 --- [http-nio-80-exec-6] com.hello.controller.CommonAction        : 各位领导来参观指导！
2018-07-07 22:16:08.155  INFO 9292 --- [RMI TCP Connection(2)-127.0.0.1] inMXBeanRegistrar$SpringApplicationAdmin : Application shutdown requested.
2018-07-07 22:16:08.156  INFO 9292 --- [RMI TCP Connection(2)-127.0.0.1] ConfigServletWebServerApplicationContext : Closing org.springframework.boot.web.servlet.context.AnnotationConfigServletWebServerApplicationContext@4961f6af: startup date [Sat Jul 07 22:14:36 CST 2018]; root of context hierarchy
2018-07-07 22:16:08.158  INFO 9292 --- [RMI TCP Connection(2)-127.0.0.1] o.s.j.e.a.AnnotationMBeanExporter        : Unregistering JMX-exposed beans on shutdown
2018-07-07 22:23:17.406  INFO 5984 --- [main] com.hello.HelloApplication               : Starting HelloApplication on MicroWin10-0019 with PID 5984 (F:\learn\04xgh\code\hello\target\classes started by Administrator in F:\learn\04xgh\code\hello)
2018-07-07 22:23:17.414  INFO 5984 --- [main] com.hello.HelloApplication               : No active profile set, falling back to default profiles: default
2018-07-07 22:23:17.482  INFO 5984 --- [main] ConfigServletWebServerApplicationContext : Refreshing org.springframework.boot.web.servlet.context.AnnotationConfigServletWebServerApplicationContext@3f792b9b: startup date [Sat Jul 07 22:23:17 CST 2018]; root of context hierarchy
2018-07-07 22:23:20.466  INFO 5984 --- [main] o.s.b.w.embedded.tomcat.TomcatWebServer  : Tomcat initialized with port(s): 80 (http)
2018-07-07 22:23:20.493  INFO 5984 --- [main] o.apache.catalina.core.StandardService   : Starting service [Tomcat]
2018-07-07 22:23:20.493  INFO 5984 --- [main] org.apache.catalina.core.StandardEngine  : Starting Servlet Engine: Apache Tomcat/8.5.31
2018-07-07 22:23:20.501  INFO 5984 --- [localhost-startStop-1] o.a.catalina.core.AprLifecycleListener   : The APR based Apache Tomcat Native library which allows optimal performance in production environments was not found on the java.library.path: [C:\Program Files\Java\jdk1.8.0_121\bin;C:\Windows\Sun\Java\bin;C:\Windows\system32;C:\Windows;C:/Program Files/Java/jre1.8.0_121/bin/server;C:/Program Files/Java/jre1.8.0_121/bin;C:/Program Files/Java/jre1.8.0_121/lib/amd64;C:\ProgramData\Oracle\Java\javapath;C:\Windows\system32;C:\Windows;C:\Windows\System32\Wbem;C:\Windows\System32\WindowsPowerShell\v1.0\;C:\Windows\System32\OpenSSH\;C:\Program Files\Java\jdk1.8.0_121\bin;C:\Program Files\Java\jdk1.8.0_121\jre\bin;C:\apache-maven-3.5.3\bin;C:\Users\Administrator\AppData\Local\Microsoft\WindowsApps;;F:\learn\spring-tool-suite-3.9.0.RELEASE-e4.7.0-win32-x86_64\sts-bundle\sts-3.9.0.RELEASE;;.]
2018-07-07 22:23:20.629  INFO 5984 --- [localhost-startStop-1] o.a.c.c.C.[Tomcat].[localhost].[/]       : Initializing Spring embedded WebApplicationContext
2018-07-07 22:23:20.629  INFO 5984 --- [localhost-startStop-1] o.s.web.context.ContextLoader            : Root WebApplicationContext: initialization completed in 3147 ms
2018-07-07 22:23:20.837  INFO 5984 --- [localhost-startStop-1] o.s.b.w.servlet.ServletRegistrationBean  : Servlet dispatcherServlet mapped to [/]
2018-07-07 22:23:20.846  INFO 5984 --- [localhost-startStop-1] o.s.b.w.servlet.FilterRegistrationBean   : Mapping filter: 'characterEncodingFilter' to: [/*]
2018-07-07 22:23:20.847  INFO 5984 --- [localhost-startStop-1] o.s.b.w.servlet.FilterRegistrationBean   : Mapping filter: 'hiddenHttpMethodFilter' to: [/*]
2018-07-07 22:23:20.847  INFO 5984 --- [localhost-startStop-1] o.s.b.w.servlet.FilterRegistrationBean   : Mapping filter: 'httpPutFormContentFilter' to: [/*]
2018-07-07 22:23:20.847  INFO 5984 --- [localhost-startStop-1] o.s.b.w.servlet.FilterRegistrationBean   : Mapping filter: 'requestContextFilter' to: [/*]
2018-07-07 22:23:21.369  INFO 5984 --- [main] s.w.s.m.m.a.RequestMappingHandlerAdapter : Looking for @ControllerAdvice: org.springframework.boot.web.servlet.context.AnnotationConfigServletWebServerApplicationContext@3f792b9b: startup date [Sat Jul 07 22:23:17 CST 2018]; root of context hierarchy
2018-07-07 22:23:32.381  INFO 5984 --- [main] s.w.s.m.m.a.RequestMappingHandlerMapping : Mapped "{[/welcome]}" onto public java.lang.String com.hello.controller.CommonAction.welcome(javax.servlet.http.HttpServletRequest,javax.servlet.http.HttpServletResponse,org.springframework.ui.ModelMap)
2018-07-07 22:23:32.385  INFO 5984 --- [main] s.w.s.m.m.a.RequestMappingHandlerMapping : Mapped "{[/index02]}" onto public java.lang.String com.hello.controller.CommonAction.index02()
2018-07-07 22:23:32.385  INFO 5984 --- [main] s.w.s.m.m.a.RequestMappingHandlerMapping : Mapped "{[/index03]}" onto public java.lang.String com.hello.controller.CommonAction.index03()
2018-07-07 22:23:32.385  INFO 5984 --- [main] s.w.s.m.m.a.RequestMappingHandlerMapping : Mapped "{[/index01]}" onto public java.lang.String com.hello.controller.CommonAction.index01()
2018-07-07 22:23:32.386  INFO 5984 --- [main] s.w.s.m.m.a.RequestMappingHandlerMapping : Mapped "{[/jobHome]}" onto public java.lang.String com.hello.controller.CommonAction.jobHome()
2018-07-07 22:23:32.386  INFO 5984 --- [main] s.w.s.m.m.a.RequestMappingHandlerMapping : Mapped "{[/index02Config]}" onto public java.lang.Object com.hello.controller.IndexAction.index02Config()
2018-07-07 22:23:32.386  INFO 5984 --- [main] s.w.s.m.m.a.RequestMappingHandlerMapping : Mapped "{[/index01Config]}" onto public java.lang.Object com.hello.controller.IndexAction.index01Config()
2018-07-07 22:23:32.394  INFO 5984 --- [main] s.w.s.m.m.a.RequestMappingHandlerMapping : Mapped "{[/error]}" onto public org.springframework.http.ResponseEntity<java.util.Map<java.lang.String, java.lang.Object>> org.springframework.boot.autoconfigure.web.servlet.error.BasicErrorController.error(javax.servlet.http.HttpServletRequest)
2018-07-07 22:23:32.394  INFO 5984 --- [main] s.w.s.m.m.a.RequestMappingHandlerMapping : Mapped "{[/error],produces=[text/html]}" onto public org.springframework.web.servlet.ModelAndView org.springframework.boot.autoconfigure.web.servlet.error.BasicErrorController.errorHtml(javax.servlet.http.HttpServletRequest,javax.servlet.http.HttpServletResponse)
2018-07-07 22:23:32.454  INFO 5984 --- [main] o.s.w.s.handler.SimpleUrlHandlerMapping  : Mapped URL path [/webjars/**] onto handler of type [class org.springframework.web.servlet.resource.ResourceHttpRequestHandler]
2018-07-07 22:23:32.454  INFO 5984 --- [main] o.s.w.s.handler.SimpleUrlHandlerMapping  : Mapped URL path [/**] onto handler of type [class org.springframework.web.servlet.resource.ResourceHttpRequestHandler]
2018-07-07 22:23:32.826  INFO 5984 --- [main] o.s.j.e.a.AnnotationMBeanExporter        : Registering beans for JMX exposure on startup
2018-07-07 22:23:32.894  INFO 5984 --- [main] o.s.b.w.embedded.tomcat.TomcatWebServer  : Tomcat started on port(s): 80 (http) with context path ''
2018-07-07 22:23:32.901  INFO 5984 --- [main] com.hello.HelloApplication               : Started HelloApplication in 16.175 seconds (JVM running for 17.4)
2018-07-07 22:23:34.778  INFO 5984 --- [http-nio-80-exec-1] o.a.c.c.C.[Tomcat].[localhost].[/]       : Initializing Spring FrameworkServlet 'dispatcherServlet'
2018-07-07 22:23:34.779  INFO 5984 --- [http-nio-80-exec-1] o.s.web.servlet.DispatcherServlet        : FrameworkServlet 'dispatcherServlet': initialization started
2018-07-07 22:23:34.820  INFO 5984 --- [http-nio-80-exec-1] o.s.web.servlet.DispatcherServlet        : FrameworkServlet 'dispatcherServlet': initialization completed in 41 ms
