2018-06-10 00:00:42.975  INFO 17952 --- [RMI TCP Connection(2)-127.0.0.1] inMXBeanRegistrar$SpringApplicationAdmin : Application shutdown requested.
2018-06-10 00:00:42.978  INFO 17952 --- [RMI TCP Connection(2)-127.0.0.1] ConfigServletWebServerApplicationContext : Closing org.springframework.boot.web.servlet.context.AnnotationConfigServletWebServerApplicationContext@682b2fa: startup date [Sat Jun 09 23:59:44 CST 2018]; root of context hierarchy
2018-06-10 00:00:42.981  INFO 17952 --- [RMI TCP Connection(2)-127.0.0.1] o.s.j.e.a.AnnotationMBeanExporter        : Unregistering JMX-exposed beans on shutdown
2018-06-10 00:01:10.160  INFO 672 --- [main] com.hello.HelloApplication               : Starting HelloApplication on MicroWin10-0019 with PID 672 (F:\learn\04xgh\code\hello\target\classes started by Administrator in F:\learn\04xgh\code\hello)
2018-06-10 00:01:10.165  INFO 672 --- [main] com.hello.HelloApplication               : No active profile set, falling back to default profiles: default
2018-06-10 00:01:10.226  INFO 672 --- [main] ConfigServletWebServerApplicationContext : Refreshing org.springframework.boot.web.servlet.context.AnnotationConfigServletWebServerApplicationContext@682b2fa: startup date [Sun Jun 10 00:01:10 CST 2018]; root of context hierarchy
2018-06-10 00:01:11.719  INFO 672 --- [main] o.s.b.w.embedded.tomcat.TomcatWebServer  : Tomcat initialized with port(s): 80 (http)
2018-06-10 00:01:11.750  INFO 672 --- [main] o.apache.catalina.core.StandardService   : Starting service [Tomcat]
2018-06-10 00:01:11.750  INFO 672 --- [main] org.apache.catalina.core.StandardEngine  : Starting Servlet Engine: Apache Tomcat/8.5.31
2018-06-10 00:01:11.756  INFO 672 --- [localhost-startStop-1] o.a.catalina.core.AprLifecycleListener   : The APR based Apache Tomcat Native library which allows optimal performance in production environments was not found on the java.library.path: [C:\Program Files\Java\jre1.8.0_121\bin;C:\Windows\Sun\Java\bin;C:\Windows\system32;C:\Windows;C:/Program Files/Java/jre1.8.0_121/bin/server;C:/Program Files/Java/jre1.8.0_121/bin;C:/Program Files/Java/jre1.8.0_121/lib/amd64;C:\ProgramData\Oracle\Java\javapath;C:\Windows\system32;C:\Windows;C:\Windows\System32\Wbem;C:\Windows\System32\WindowsPowerShell\v1.0\;C:\Windows\System32\OpenSSH\;C:\Program Files\Java\jdk1.8.0_121\bin;C:\Program Files\Java\jdk1.8.0_121\jre\bin;C:\apache-maven-3.5.3\bin;C:\Users\Administrator\AppData\Local\Microsoft\WindowsApps;;F:\learn\spring-tool-suite-3.9.0.RELEASE-e4.7.0-win32-x86_64\sts-bundle\sts-3.9.0.RELEASE;;.]
2018-06-10 00:01:11.916  INFO 672 --- [localhost-startStop-1] o.a.c.c.C.[Tomcat].[localhost].[/]       : Initializing Spring embedded WebApplicationContext
2018-06-10 00:01:11.916  INFO 672 --- [localhost-startStop-1] o.s.web.context.ContextLoader            : Root WebApplicationContext: initialization completed in 1690 ms
2018-06-10 00:01:12.182  INFO 672 --- [localhost-startStop-1] o.s.b.w.servlet.ServletRegistrationBean  : Servlet dispatcherServlet mapped to [/]
2018-06-10 00:01:12.188  INFO 672 --- [localhost-startStop-1] o.s.b.w.servlet.FilterRegistrationBean   : Mapping filter: 'characterEncodingFilter' to: [/*]
2018-06-10 00:01:12.189  INFO 672 --- [localhost-startStop-1] o.s.b.w.servlet.FilterRegistrationBean   : Mapping filter: 'hiddenHttpMethodFilter' to: [/*]
2018-06-10 00:01:12.189  INFO 672 --- [localhost-startStop-1] o.s.b.w.servlet.FilterRegistrationBean   : Mapping filter: 'httpPutFormContentFilter' to: [/*]
2018-06-10 00:01:12.190  INFO 672 --- [localhost-startStop-1] o.s.b.w.servlet.FilterRegistrationBean   : Mapping filter: 'requestContextFilter' to: [/*]
2018-06-10 00:01:12.650  INFO 672 --- [main] s.w.s.m.m.a.RequestMappingHandlerAdapter : Looking for @ControllerAdvice: org.springframework.boot.web.servlet.context.AnnotationConfigServletWebServerApplicationContext@682b2fa: startup date [Sun Jun 10 00:01:10 CST 2018]; root of context hierarchy
2018-06-10 00:01:12.728  INFO 672 --- [main] s.w.s.m.m.a.RequestMappingHandlerMapping : Mapped "{[/jobHome]}" onto public java.lang.String com.hello.controller.CommonAction.jobHome()
2018-06-10 00:01:12.729  INFO 672 --- [main] s.w.s.m.m.a.RequestMappingHandlerMapping : Mapped "{[/index01]}" onto public java.lang.String com.hello.controller.CommonAction.index01()
2018-06-10 00:01:12.732  INFO 672 --- [main] s.w.s.m.m.a.RequestMappingHandlerMapping : Mapped "{[/welcome]}" onto public java.lang.String com.hello.controller.CommonAction.welcome(javax.servlet.http.HttpServletRequest,javax.servlet.http.HttpServletResponse,org.springframework.ui.ModelMap)
2018-06-10 00:01:12.732  INFO 672 --- [main] s.w.s.m.m.a.RequestMappingHandlerMapping : Mapped "{[/index02]}" onto public java.lang.String com.hello.controller.CommonAction.index02()
2018-06-10 00:01:12.733  INFO 672 --- [main] s.w.s.m.m.a.RequestMappingHandlerMapping : Mapped "{[/index01Config]}" onto public java.lang.Object com.hello.controller.IndexAction.testPros()
2018-06-10 00:01:12.739  INFO 672 --- [main] s.w.s.m.m.a.RequestMappingHandlerMapping : Mapped "{[/error]}" onto public org.springframework.http.ResponseEntity<java.util.Map<java.lang.String, java.lang.Object>> org.springframework.boot.autoconfigure.web.servlet.error.BasicErrorController.error(javax.servlet.http.HttpServletRequest)
2018-06-10 00:01:12.740  INFO 672 --- [main] s.w.s.m.m.a.RequestMappingHandlerMapping : Mapped "{[/error],produces=[text/html]}" onto public org.springframework.web.servlet.ModelAndView org.springframework.boot.autoconfigure.web.servlet.error.BasicErrorController.errorHtml(javax.servlet.http.HttpServletRequest,javax.servlet.http.HttpServletResponse)
2018-06-10 00:01:12.789  INFO 672 --- [main] o.s.w.s.handler.SimpleUrlHandlerMapping  : Mapped URL path [/webjars/**] onto handler of type [class org.springframework.web.servlet.resource.ResourceHttpRequestHandler]
2018-06-10 00:01:12.789  INFO 672 --- [main] o.s.w.s.handler.SimpleUrlHandlerMapping  : Mapped URL path [/**] onto handler of type [class org.springframework.web.servlet.resource.ResourceHttpRequestHandler]
2018-06-10 00:01:13.126  INFO 672 --- [main] o.s.j.e.a.AnnotationMBeanExporter        : Registering beans for JMX exposure on startup
2018-06-10 00:01:13.191  INFO 672 --- [main] o.s.b.w.embedded.tomcat.TomcatWebServer  : Tomcat started on port(s): 80 (http) with context path ''
2018-06-10 00:01:13.202  INFO 672 --- [main] com.hello.HelloApplication               : Started HelloApplication in 3.633 seconds (JVM running for 5.041)
2018-06-10 00:01:16.074  INFO 672 --- [http-nio-80-exec-1] o.a.c.c.C.[Tomcat].[localhost].[/]       : Initializing Spring FrameworkServlet 'dispatcherServlet'
2018-06-10 00:01:16.075  INFO 672 --- [http-nio-80-exec-1] o.s.web.servlet.DispatcherServlet        : FrameworkServlet 'dispatcherServlet': initialization started
2018-06-10 00:01:16.113  INFO 672 --- [http-nio-80-exec-1] o.s.web.servlet.DispatcherServlet        : FrameworkServlet 'dispatcherServlet': initialization completed in 38 ms
2018-06-10 00:03:52.754  INFO 672 --- [RMI TCP Connection(2)-127.0.0.1] inMXBeanRegistrar$SpringApplicationAdmin : Application shutdown requested.
2018-06-10 00:03:52.754  INFO 672 --- [RMI TCP Connection(2)-127.0.0.1] ConfigServletWebServerApplicationContext : Closing org.springframework.boot.web.servlet.context.AnnotationConfigServletWebServerApplicationContext@682b2fa: startup date [Sun Jun 10 00:01:10 CST 2018]; root of context hierarchy
2018-06-10 00:03:52.757  INFO 672 --- [RMI TCP Connection(2)-127.0.0.1] o.s.j.e.a.AnnotationMBeanExporter        : Unregistering JMX-exposed beans on shutdown
2018-06-10 09:23:01.186  INFO 252 --- [main] com.hello.HelloApplication               : Starting HelloApplication on MicroWin10-0019 with PID 252 (F:\learn\04xgh\code\hello\target\classes started by Administrator in F:\learn\04xgh\code\hello)
2018-06-10 09:23:01.206  INFO 252 --- [main] com.hello.HelloApplication               : No active profile set, falling back to default profiles: default
2018-06-10 09:23:01.256  INFO 252 --- [main] ConfigServletWebServerApplicationContext : Refreshing org.springframework.boot.web.servlet.context.AnnotationConfigServletWebServerApplicationContext@682b2fa: startup date [Sun Jun 10 09:23:01 CST 2018]; root of context hierarchy
2018-06-10 09:23:02.273  INFO 252 --- [main] o.s.b.w.embedded.tomcat.TomcatWebServer  : Tomcat initialized with port(s): 80 (http)
2018-06-10 09:23:02.293  INFO 252 --- [main] o.apache.catalina.core.StandardService   : Starting service [Tomcat]
2018-06-10 09:23:02.293  INFO 252 --- [main] org.apache.catalina.core.StandardEngine  : Starting Servlet Engine: Apache Tomcat/8.5.31
2018-06-10 09:23:02.293  INFO 252 --- [localhost-startStop-1] o.a.catalina.core.AprLifecycleListener   : The APR based Apache Tomcat Native library which allows optimal performance in production environments was not found on the java.library.path: [C:\Program Files\Java\jre1.8.0_121\bin;C:\Windows\Sun\Java\bin;C:\Windows\system32;C:\Windows;C:/Program Files/Java/jre1.8.0_121/bin/server;C:/Program Files/Java/jre1.8.0_121/bin;C:/Program Files/Java/jre1.8.0_121/lib/amd64;C:\ProgramData\Oracle\Java\javapath;C:\Windows\system32;C:\Windows;C:\Windows\System32\Wbem;C:\Windows\System32\WindowsPowerShell\v1.0\;C:\Windows\System32\OpenSSH\;C:\Program Files\Java\jdk1.8.0_121\bin;C:\Program Files\Java\jdk1.8.0_121\jre\bin;C:\apache-maven-3.5.3\bin;C:\Users\Administrator\AppData\Local\Microsoft\WindowsApps;;F:\learn\spring-tool-suite-3.9.0.RELEASE-e4.7.0-win32-x86_64\sts-bundle\sts-3.9.0.RELEASE;;.]
2018-06-10 09:23:02.404  INFO 252 --- [localhost-startStop-1] o.a.c.c.C.[Tomcat].[localhost].[/]       : Initializing Spring embedded WebApplicationContext
2018-06-10 09:23:02.404  INFO 252 --- [localhost-startStop-1] o.s.web.context.ContextLoader            : Root WebApplicationContext: initialization completed in 1148 ms
2018-06-10 09:23:02.585  INFO 252 --- [localhost-startStop-1] o.s.b.w.servlet.ServletRegistrationBean  : Servlet dispatcherServlet mapped to [/]
2018-06-10 09:23:02.595  INFO 252 --- [localhost-startStop-1] o.s.b.w.servlet.FilterRegistrationBean   : Mapping filter: 'characterEncodingFilter' to: [/*]
2018-06-10 09:23:02.595  INFO 252 --- [localhost-startStop-1] o.s.b.w.servlet.FilterRegistrationBean   : Mapping filter: 'hiddenHttpMethodFilter' to: [/*]
2018-06-10 09:23:02.595  INFO 252 --- [localhost-startStop-1] o.s.b.w.servlet.FilterRegistrationBean   : Mapping filter: 'httpPutFormContentFilter' to: [/*]
2018-06-10 09:23:02.595  INFO 252 --- [localhost-startStop-1] o.s.b.w.servlet.FilterRegistrationBean   : Mapping filter: 'requestContextFilter' to: [/*]
2018-06-10 09:23:02.904  INFO 252 --- [main] s.w.s.m.m.a.RequestMappingHandlerAdapter : Looking for @ControllerAdvice: org.springframework.boot.web.servlet.context.AnnotationConfigServletWebServerApplicationContext@682b2fa: startup date [Sun Jun 10 09:23:01 CST 2018]; root of context hierarchy
2018-06-10 09:23:02.964  INFO 252 --- [main] s.w.s.m.m.a.RequestMappingHandlerMapping : Mapped "{[/index01]}" onto public java.lang.String com.hello.controller.CommonAction.index01()
2018-06-10 09:23:02.964  INFO 252 --- [main] s.w.s.m.m.a.RequestMappingHandlerMapping : Mapped "{[/jobHome]}" onto public java.lang.String com.hello.controller.CommonAction.jobHome()
2018-06-10 09:23:02.972  INFO 252 --- [main] s.w.s.m.m.a.RequestMappingHandlerMapping : Mapped "{[/welcome]}" onto public java.lang.String com.hello.controller.CommonAction.welcome(javax.servlet.http.HttpServletRequest,javax.servlet.http.HttpServletResponse,org.springframework.ui.ModelMap)
2018-06-10 09:23:02.972  INFO 252 --- [main] s.w.s.m.m.a.RequestMappingHandlerMapping : Mapped "{[/index02]}" onto public java.lang.String com.hello.controller.CommonAction.index02()
2018-06-10 09:23:02.972  INFO 252 --- [main] s.w.s.m.m.a.RequestMappingHandlerMapping : Mapped "{[/index01Config]}" onto public java.lang.Object com.hello.controller.IndexAction.testPros()
2018-06-10 09:23:02.972  INFO 252 --- [main] s.w.s.m.m.a.RequestMappingHandlerMapping : Mapped "{[/error]}" onto public org.springframework.http.ResponseEntity<java.util.Map<java.lang.String, java.lang.Object>> org.springframework.boot.autoconfigure.web.servlet.error.BasicErrorController.error(javax.servlet.http.HttpServletRequest)
2018-06-10 09:23:02.972  INFO 252 --- [main] s.w.s.m.m.a.RequestMappingHandlerMapping : Mapped "{[/error],produces=[text/html]}" onto public org.springframework.web.servlet.ModelAndView org.springframework.boot.autoconfigure.web.servlet.error.BasicErrorController.errorHtml(javax.servlet.http.HttpServletRequest,javax.servlet.http.HttpServletResponse)
2018-06-10 09:23:03.002  INFO 252 --- [main] o.s.w.s.handler.SimpleUrlHandlerMapping  : Mapped URL path [/webjars/**] onto handler of type [class org.springframework.web.servlet.resource.ResourceHttpRequestHandler]
2018-06-10 09:23:03.002  INFO 252 --- [main] o.s.w.s.handler.SimpleUrlHandlerMapping  : Mapped URL path [/**] onto handler of type [class org.springframework.web.servlet.resource.ResourceHttpRequestHandler]
2018-06-10 09:23:03.194  INFO 252 --- [main] o.s.j.e.a.AnnotationMBeanExporter        : Registering beans for JMX exposure on startup
2018-06-10 09:23:03.235  INFO 252 --- [main] o.s.b.w.embedded.tomcat.TomcatWebServer  : Tomcat started on port(s): 80 (http) with context path ''
2018-06-10 09:23:03.235  INFO 252 --- [main] com.hello.HelloApplication               : Started HelloApplication in 2.479 seconds (JVM running for 3.551)
2018-06-10 09:23:56.043  INFO 252 --- [http-nio-80-exec-1] o.a.c.c.C.[Tomcat].[localhost].[/]       : Initializing Spring FrameworkServlet 'dispatcherServlet'
2018-06-10 09:23:56.043  INFO 252 --- [http-nio-80-exec-1] o.s.web.servlet.DispatcherServlet        : FrameworkServlet 'dispatcherServlet': initialization started
2018-06-10 09:23:56.075  INFO 252 --- [http-nio-80-exec-1] o.s.web.servlet.DispatcherServlet        : FrameworkServlet 'dispatcherServlet': initialization completed in 32 ms
2018-06-10 09:24:04.174  INFO 252 --- [http-nio-80-exec-2] com.hello.controller.CommonAction        : 请输入welcome参数，表示欢迎谁来参观
2018-06-10 09:24:04.174  INFO 252 --- [http-nio-80-exec-2] com.hello.controller.CommonAction        : 各位领导来参观指导！
2018-06-10 09:24:14.282  INFO 252 --- [http-nio-80-exec-5] com.hello.controller.CommonAction        : 杨总，刘总来参观指导！
2018-06-10 09:50:04.394  INFO 252 --- [RMI TCP Connection(2)-127.0.0.1] inMXBeanRegistrar$SpringApplicationAdmin : Application shutdown requested.
2018-06-10 09:50:04.394  INFO 252 --- [RMI TCP Connection(2)-127.0.0.1] ConfigServletWebServerApplicationContext : Closing org.springframework.boot.web.servlet.context.AnnotationConfigServletWebServerApplicationContext@682b2fa: startup date [Sun Jun 10 09:23:01 CST 2018]; root of context hierarchy
2018-06-10 09:50:04.398  INFO 252 --- [RMI TCP Connection(2)-127.0.0.1] o.s.j.e.a.AnnotationMBeanExporter        : Unregistering JMX-exposed beans on shutdown
2018-06-10 09:50:10.863  INFO 9932 --- [main] com.hello.HelloApplication               : Starting HelloApplication on MicroWin10-0019 with PID 9932 (F:\learn\04xgh\code\hello\target\classes started by Administrator in F:\learn\04xgh\code\hello)
2018-06-10 09:50:10.867  INFO 9932 --- [main] com.hello.HelloApplication               : No active profile set, falling back to default profiles: default
2018-06-10 09:50:10.907  INFO 9932 --- [main] ConfigServletWebServerApplicationContext : Refreshing org.springframework.boot.web.servlet.context.AnnotationConfigServletWebServerApplicationContext@477b4cdf: startup date [Sun Jun 10 09:50:10 CST 2018]; root of context hierarchy
2018-06-10 09:50:11.804  INFO 9932 --- [main] o.s.b.w.embedded.tomcat.TomcatWebServer  : Tomcat initialized with port(s): 80 (http)
2018-06-10 09:50:11.824  INFO 9932 --- [main] o.apache.catalina.core.StandardService   : Starting service [Tomcat]
2018-06-10 09:50:11.826  INFO 9932 --- [main] org.apache.catalina.core.StandardEngine  : Starting Servlet Engine: Apache Tomcat/8.5.31
2018-06-10 09:50:11.827  INFO 9932 --- [localhost-startStop-1] o.a.catalina.core.AprLifecycleListener   : The APR based Apache Tomcat Native library which allows optimal performance in production environments was not found on the java.library.path: [C:\Program Files\Java\jre1.8.0_121\bin;C:\Windows\Sun\Java\bin;C:\Windows\system32;C:\Windows;C:/Program Files/Java/jre1.8.0_121/bin/server;C:/Program Files/Java/jre1.8.0_121/bin;C:/Program Files/Java/jre1.8.0_121/lib/amd64;C:\ProgramData\Oracle\Java\javapath;C:\Windows\system32;C:\Windows;C:\Windows\System32\Wbem;C:\Windows\System32\WindowsPowerShell\v1.0\;C:\Windows\System32\OpenSSH\;C:\Program Files\Java\jdk1.8.0_121\bin;C:\Program Files\Java\jdk1.8.0_121\jre\bin;C:\apache-maven-3.5.3\bin;C:\Users\Administrator\AppData\Local\Microsoft\WindowsApps;;F:\learn\spring-tool-suite-3.9.0.RELEASE-e4.7.0-win32-x86_64\sts-bundle\sts-3.9.0.RELEASE;;.]
2018-06-10 09:50:11.918  INFO 9932 --- [localhost-startStop-1] o.a.c.c.C.[Tomcat].[localhost].[/]       : Initializing Spring embedded WebApplicationContext
2018-06-10 09:50:11.918  INFO 9932 --- [localhost-startStop-1] o.s.web.context.ContextLoader            : Root WebApplicationContext: initialization completed in 1011 ms
2018-06-10 09:50:12.063  INFO 9932 --- [localhost-startStop-1] o.s.b.w.servlet.ServletRegistrationBean  : Servlet dispatcherServlet mapped to [/]
2018-06-10 09:50:12.067  INFO 9932 --- [localhost-startStop-1] o.s.b.w.servlet.FilterRegistrationBean   : Mapping filter: 'characterEncodingFilter' to: [/*]
2018-06-10 09:50:12.067  INFO 9932 --- [localhost-startStop-1] o.s.b.w.servlet.FilterRegistrationBean   : Mapping filter: 'hiddenHttpMethodFilter' to: [/*]
2018-06-10 09:50:12.067  INFO 9932 --- [localhost-startStop-1] o.s.b.w.servlet.FilterRegistrationBean   : Mapping filter: 'httpPutFormContentFilter' to: [/*]
2018-06-10 09:50:12.067  INFO 9932 --- [localhost-startStop-1] o.s.b.w.servlet.FilterRegistrationBean   : Mapping filter: 'requestContextFilter' to: [/*]
2018-06-10 09:50:12.367  INFO 9932 --- [main] s.w.s.m.m.a.RequestMappingHandlerAdapter : Looking for @ControllerAdvice: org.springframework.boot.web.servlet.context.AnnotationConfigServletWebServerApplicationContext@477b4cdf: startup date [Sun Jun 10 09:50:10 CST 2018]; root of context hierarchy
2018-06-10 09:50:12.415  INFO 9932 --- [main] s.w.s.m.m.a.RequestMappingHandlerMapping : Mapped "{[/index01]}" onto public java.lang.String com.hello.controller.CommonAction.index01()
2018-06-10 09:50:12.419  INFO 9932 --- [main] s.w.s.m.m.a.RequestMappingHandlerMapping : Mapped "{[/welcome]}" onto public java.lang.String com.hello.controller.CommonAction.welcome(javax.servlet.http.HttpServletRequest,javax.servlet.http.HttpServletResponse,org.springframework.ui.ModelMap)
2018-06-10 09:50:12.419  INFO 9932 --- [main] s.w.s.m.m.a.RequestMappingHandlerMapping : Mapped "{[/jobHome]}" onto public java.lang.String com.hello.controller.CommonAction.jobHome()
2018-06-10 09:50:12.419  INFO 9932 --- [main] s.w.s.m.m.a.RequestMappingHandlerMapping : Mapped "{[/index02]}" onto public java.lang.String com.hello.controller.CommonAction.index02()
2018-06-10 09:50:12.419  INFO 9932 --- [main] s.w.s.m.m.a.RequestMappingHandlerMapping : Mapped "{[/index01Config]}" onto public java.lang.Object com.hello.controller.IndexAction.testPros()
2018-06-10 09:50:12.423  INFO 9932 --- [main] s.w.s.m.m.a.RequestMappingHandlerMapping : Mapped "{[/error]}" onto public org.springframework.http.ResponseEntity<java.util.Map<java.lang.String, java.lang.Object>> org.springframework.boot.autoconfigure.web.servlet.error.BasicErrorController.error(javax.servlet.http.HttpServletRequest)
2018-06-10 09:50:12.423  INFO 9932 --- [main] s.w.s.m.m.a.RequestMappingHandlerMapping : Mapped "{[/error],produces=[text/html]}" onto public org.springframework.web.servlet.ModelAndView org.springframework.boot.autoconfigure.web.servlet.error.BasicErrorController.errorHtml(javax.servlet.http.HttpServletRequest,javax.servlet.http.HttpServletResponse)
2018-06-10 09:50:12.455  INFO 9932 --- [main] o.s.w.s.handler.SimpleUrlHandlerMapping  : Mapped URL path [/webjars/**] onto handler of type [class org.springframework.web.servlet.resource.ResourceHttpRequestHandler]
2018-06-10 09:50:12.455  INFO 9932 --- [main] o.s.w.s.handler.SimpleUrlHandlerMapping  : Mapped URL path [/**] onto handler of type [class org.springframework.web.servlet.resource.ResourceHttpRequestHandler]
2018-06-10 09:50:12.655  INFO 9932 --- [main] o.s.j.e.a.AnnotationMBeanExporter        : Registering beans for JMX exposure on startup
2018-06-10 09:50:12.691  INFO 9932 --- [main] o.s.b.w.embedded.tomcat.TomcatWebServer  : Tomcat started on port(s): 80 (http) with context path ''
2018-06-10 09:50:12.695  INFO 9932 --- [main] com.hello.HelloApplication               : Started HelloApplication in 2.216 seconds (JVM running for 3.195)
2018-06-10 09:50:12.843  INFO 9932 --- [http-nio-80-exec-1] o.a.c.c.C.[Tomcat].[localhost].[/]       : Initializing Spring FrameworkServlet 'dispatcherServlet'
2018-06-10 09:50:12.843  INFO 9932 --- [http-nio-80-exec-1] o.s.web.servlet.DispatcherServlet        : FrameworkServlet 'dispatcherServlet': initialization started
2018-06-10 09:50:12.865  INFO 9932 --- [http-nio-80-exec-1] o.s.web.servlet.DispatcherServlet        : FrameworkServlet 'dispatcherServlet': initialization completed in 20 ms
2018-06-10 09:50:51.714  INFO 9932 --- [http-nio-80-exec-9] com.hello.controller.CommonAction        : 杨总，刘总来参观指导！
2018-06-10 09:52:19.941  INFO 9932 --- [http-nio-80-exec-5] com.hello.controller.CommonAction        : 杨总，刘总来参观指导！
2018-06-10 09:53:38.055  INFO 9932 --- [http-nio-80-exec-2] com.hello.controller.CommonAction        : 杨总，刘总来参观指导！
2018-06-10 09:56:36.932  INFO 9932 --- [http-nio-80-exec-6] com.hello.controller.CommonAction        : 杨总，刘总来参观指导！
2018-06-10 10:28:40.279  INFO 9932 --- [http-nio-80-exec-9] com.hello.controller.CommonAction        : 杨总，刘总来参观指导！
2018-06-10 10:30:36.711  INFO 9932 --- [http-nio-80-exec-4] com.hello.controller.CommonAction        : 杨总，刘总来参观指导！
2018-06-10 11:18:40.385  INFO 9932 --- [RMI TCP Connection(2)-127.0.0.1] inMXBeanRegistrar$SpringApplicationAdmin : Application shutdown requested.
2018-06-10 11:18:40.386  INFO 9932 --- [RMI TCP Connection(2)-127.0.0.1] ConfigServletWebServerApplicationContext : Closing org.springframework.boot.web.servlet.context.AnnotationConfigServletWebServerApplicationContext@477b4cdf: startup date [Sun Jun 10 09:50:10 CST 2018]; root of context hierarchy
2018-06-10 11:18:40.388  INFO 9932 --- [RMI TCP Connection(2)-127.0.0.1] o.s.j.e.a.AnnotationMBeanExporter        : Unregistering JMX-exposed beans on shutdown
2018-06-10 16:22:12.371  INFO 15940 --- [main] com.hello.HelloApplicationTests          : Starting HelloApplicationTests on MicroWin10-0019 with PID 15940 (started by Administrator in F:\learn\04xgh\code\hello)
2018-06-10 16:22:12.409  INFO 15940 --- [main] com.hello.HelloApplicationTests          : No active profile set, falling back to default profiles: default
2018-06-10 16:22:12.454  INFO 15940 --- [main] o.s.w.c.s.GenericWebApplicationContext   : Refreshing org.springframework.web.context.support.GenericWebApplicationContext@2931522b: startup date [Sun Jun 10 16:22:12 CST 2018]; root of context hierarchy
2018-06-10 16:22:14.300  INFO 15940 --- [main] s.w.s.m.m.a.RequestMappingHandlerAdapter : Looking for @ControllerAdvice: org.springframework.web.context.support.GenericWebApplicationContext@2931522b: startup date [Sun Jun 10 16:22:12 CST 2018]; root of context hierarchy
2018-06-10 16:22:14.405  INFO 15940 --- [main] s.w.s.m.m.a.RequestMappingHandlerMapping : Mapped "{[/jobHome]}" onto public java.lang.String com.hello.controller.CommonAction.jobHome()
2018-06-10 16:22:14.407  INFO 15940 --- [main] s.w.s.m.m.a.RequestMappingHandlerMapping : Mapped "{[/index01]}" onto public java.lang.String com.hello.controller.CommonAction.index01()
2018-06-10 16:22:14.408  INFO 15940 --- [main] s.w.s.m.m.a.RequestMappingHandlerMapping : Mapped "{[/index02]}" onto public java.lang.String com.hello.controller.CommonAction.index02()
2018-06-10 16:22:14.408  INFO 15940 --- [main] s.w.s.m.m.a.RequestMappingHandlerMapping : Mapped "{[/welcome]}" onto public java.lang.String com.hello.controller.CommonAction.welcome(javax.servlet.http.HttpServletRequest,javax.servlet.http.HttpServletResponse,org.springframework.ui.ModelMap)
2018-06-10 16:22:14.410  INFO 15940 --- [main] s.w.s.m.m.a.RequestMappingHandlerMapping : Mapped "{[/index01Config]}" onto public java.lang.Object com.hello.controller.IndexAction.testPros()
2018-06-10 16:22:14.414  INFO 15940 --- [main] s.w.s.m.m.a.RequestMappingHandlerMapping : Mapped "{[/error]}" onto public org.springframework.http.ResponseEntity<java.util.Map<java.lang.String, java.lang.Object>> org.springframework.boot.autoconfigure.web.servlet.error.BasicErrorController.error(javax.servlet.http.HttpServletRequest)
2018-06-10 16:22:14.415  INFO 15940 --- [main] s.w.s.m.m.a.RequestMappingHandlerMapping : Mapped "{[/error],produces=[text/html]}" onto public org.springframework.web.servlet.ModelAndView org.springframework.boot.autoconfigure.web.servlet.error.BasicErrorController.errorHtml(javax.servlet.http.HttpServletRequest,javax.servlet.http.HttpServletResponse)
2018-06-10 16:22:14.470  INFO 15940 --- [main] o.s.w.s.handler.SimpleUrlHandlerMapping  : Mapped URL path [/webjars/**] onto handler of type [class org.springframework.web.servlet.resource.ResourceHttpRequestHandler]
2018-06-10 16:22:14.470  INFO 15940 --- [main] o.s.w.s.handler.SimpleUrlHandlerMapping  : Mapped URL path [/**] onto handler of type [class org.springframework.web.servlet.resource.ResourceHttpRequestHandler]
2018-06-10 16:22:15.235  INFO 15940 --- [main] com.hello.HelloApplicationTests          : Started HelloApplicationTests in 3.436 seconds (JVM running for 4.566)
2018-06-10 16:22:15.490  INFO 15940 --- [Thread-2] o.s.w.c.s.GenericWebApplicationContext   : Closing org.springframework.web.context.support.GenericWebApplicationContext@2931522b: startup date [Sun Jun 10 16:22:12 CST 2018]; root of context hierarchy
